prisma:warn In production, we recommend using `prisma generate --no-engine` (See: `prisma generate --help`)
Found 25 valid sheets: [
  '2024 January',   '2024 February',
  '2024 April',     '2024 May',
  '2024 March',     '2024 June',
  '2024 July',      '2024 August',
  '2024 September', '2024 October',
  '2024 November',  '2024 December',
  '2025 January',   '2025 February',
  '2025 March',     '2025 April',
  '2025 May',       '2025 August',
  '2025 June',      '2025 July',
  '2025 September', '2025 October',
  '2025 November',  '2025 December',
  '2026 January'
]
Clearing existing data for 2024-1...
Upserting Target for 2024-1: Target=775000, Success=527892.5
Clearing existing data for 2024-2...
Upserting Target for 2024-2: Target=600000, Success=492145
Clearing existing data for 2024-4...
Upserting Target for 2024-4: Target=550000, Success=425392.5
Clearing existing data for 2024-5...
Upserting Target for 2024-5: Target=550000, Success=591840
Skipping Row 130: Year Mismatch. RowYear: 2025 (2025-05-25T00:00:00.000Z), SheetYear: 2024. Raw Date: 25.05.2025
Clearing existing data for 2024-3...
Upserting Target for 2024-3: Target=550000, Success=489990
Clearing existing data for 2024-6...
Upserting Target for 2024-6: Target=550000, Success=447242
Skipping Row 54: Year Mismatch. RowYear: 2025 (2025-06-11T00:00:00.000Z), SheetYear: 2024. Raw Date: 11.06.2025
Clearing existing data for 2024-7...
Upserting Target for 2024-7: Target=550000, Success=553252
Clearing existing data for 2024-8...
Upserting Target for 2024-8: Target=639475, Success=657598
Clearing existing data for 2024-9...
Upserting Target for 2024-9: Target=686000, Success=567666
Skipping Row 63: Year Mismatch. RowYear: 2025 (2025-09-11T00:00:00.000Z), SheetYear: 2024. Raw Date: 11.09.2025
Skipping Row 87: Year Mismatch. RowYear: 2025 (2025-09-16T00:00:00.000Z), SheetYear: 2024. Raw Date: 16.09.2025
Clearing existing data for 2024-10...
Upserting Target for 2024-10: Target=700000, Success=709765.5
Skipping Row 137: Year Mismatch. RowYear: 2025 (2025-10-22T00:00:00.000Z), SheetYear: 2024. Raw Date: 22.10.2025
Clearing existing data for 2024-11...
Upserting Target for 2024-11: Target=700000, Success=952442
Skipping Row 198: Year Mismatch. RowYear: 2025 (2025-11-29T00:00:00.000Z), SheetYear: 2024. Raw Date: 29.11.2025
Clearing existing data for 2024-12...
Upserting Target for 2024-12: Target=800000, Success=723693.5
Skipping Row 86: Year Mismatch. RowYear: 2025 (2025-12-16T00:00:00.000Z), SheetYear: 2024. Raw Date: 16.12.2025
Skipping Row 89: Year Mismatch. RowYear: 2025 (2025-12-16T00:00:00.000Z), SheetYear: 2024. Raw Date: 16.12.2025
Skipping Row 140: Year Mismatch. RowYear: 2025 (2025-12-25T00:00:00.000Z), SheetYear: 2024. Raw Date: 25.12.2025
Clearing existing data for 2025-1...
Upserting Target for 2025-1: Target=800000, Success=799810.5
Skipping Row 22: Year Mismatch. RowYear: 2024 (2024-01-06T00:00:00.000Z), SheetYear: 2025. Raw Date: 06.01.2024
Skipping Row 37: Year Mismatch. RowYear: 2024 (2024-01-07T00:00:00.000Z), SheetYear: 2025. Raw Date: 07.01.2024
Skipping Row 49: Year Mismatch. RowYear: 2024 (2024-01-10T00:00:00.000Z), SheetYear: 2025. Raw Date: 10.01.2024
Skipping Row 50: Year Mismatch. RowYear: 2024 (2024-01-10T00:00:00.000Z), SheetYear: 2025. Raw Date: 10.01.2024
Skipping Row 103: Year Mismatch. RowYear: 2024 (2024-01-17T00:00:00.000Z), SheetYear: 2025. Raw Date: 17.01.2024
Skipping Row 104: Year Mismatch. RowYear: 2024 (2024-01-17T00:00:00.000Z), SheetYear: 2025. Raw Date: 17.01.2024
Skipping Row 105: Year Mismatch. RowYear: 2024 (2024-01-17T00:00:00.000Z), SheetYear: 2025. Raw Date: 17.01.2024
Skipping Row 153: Year Mismatch. RowYear: 2024 (2024-01-31T00:00:00.000Z), SheetYear: 2025. Raw Date: 31.01.2024
Skipping Row 155: Year Mismatch. RowYear: 2024 (2024-01-31T00:00:00.000Z), SheetYear: 2025. Raw Date: 31.01.2024
Clearing existing data for 2025-2...
Upserting Target for 2025-2: Target=850000, Success=902849
Skipping Row 146: Year Mismatch. RowYear: 2024 (2024-02-18T00:00:00.000Z), SheetYear: 2025. Raw Date: 18.02.2024
Clearing existing data for 2025-3...
Upserting Target for 2025-3: Target=875000, Success=801554
Clearing existing data for 2025-4...
Upserting Target for 2025-4: Target=900000, Success=1071425
Skipping Row 76: Year Mismatch. RowYear: 2024 (2024-04-10T00:00:00.000Z), SheetYear: 2025. Raw Date: 10.04.2024
Skipping Row 142: Year Mismatch. RowYear: 2024 (2024-04-17T00:00:00.000Z), SheetYear: 2025. Raw Date: 17.04.2024
Skipping Row 143: Year Mismatch. RowYear: 2024 (2024-04-17T00:00:00.000Z), SheetYear: 2025. Raw Date: 17.04.2024
Skipping Row 144: Year Mismatch. RowYear: 2024 (2024-04-17T00:00:00.000Z), SheetYear: 2025. Raw Date: 17.04.2024
Skipping Row 145: Year Mismatch. RowYear: 2024 (2024-04-17T00:00:00.000Z), SheetYear: 2025. Raw Date: 17.04.2024
Skipping Row 179: Year Mismatch. RowYear: 2024 (2024-04-28T00:00:00.000Z), SheetYear: 2025. Raw Date: 28.04.2024
Clearing existing data for 2025-5...
Upserting Target for 2025-5: Target=925000, Success=912921.05
Skipping Row 31: Year Mismatch. RowYear: 2024 (2024-05-05T00:00:00.000Z), SheetYear: 2025. Raw Date: 05.05.2024
Clearing existing data for 2025-8...
Upserting Target for 2025-8: Target=900000, Success=640740
Clearing existing data for 2025-6...
Upserting Target for 2025-6: Target=850000, Success=804148.5
Skipping Row 95: Year Mismatch. RowYear: 2024 (2024-06-16T00:00:00.000Z), SheetYear: 2025. Raw Date: 16.06.2024
Clearing existing data for 2025-7...
Upserting Target for 2025-7: Target=900000, Success=817073.5
Clearing existing data for 2025-9...
Upserting Target for 2025-9: Target=800000, Success=1023257.5
Clearing existing data for 2025-10...
Upserting Target for 2025-10: Target=1300000, Success=1163570.06
Clearing existing data for 2025-11...
Upserting Target for 2025-11: Target=1300000, Success=964159.7
Clearing existing data for 2025-12...
Upserting Target for 2025-12: Target=1275000, Success=1091870
Clearing existing data for 2026-1...
Upserting Target for 2026-1: Target=1275000, Success=176610
Skipping Row 9: Year Mismatch. RowYear: 2027 (2027-01-02T00:00:00.000Z), SheetYear: 2026. Raw Date: 02.01.2027
Skipping Row 10: Year Mismatch. RowYear: 2028 (2028-01-02T00:00:00.000Z), SheetYear: 2026. Raw Date: 02.01.2028
Skipping Row 11: Year Mismatch. RowYear: 2029 (2029-01-02T00:00:00.000Z), SheetYear: 2026. Raw Date: 02.01.2029
Skipping Row 12: Year Mismatch. RowYear: 2030 (2030-01-02T00:00:00.000Z), SheetYear: 2026. Raw Date: 02.01.2030
Success! Total imported: 0
